未翻译en-us请求：订单查询请求成功:3177
未翻译en-us请求：无订单更新数据:2982
未翻译en-us请求：使用模版：必须填写。未翻译内容：退款订单号:1038
未翻译en-us请求：使用模版：必须填写。未翻译内容：订单状态:1038
未翻译en-us请求：使用模版：数据不正确。未翻译内容：订单状态:1038
未翻译en-us请求：使用模版：必须填写。未翻译内容：支付页面密码:1038
未翻译en-us请求：使用模版：格式不正确。未翻译内容：支付页面密码:1038
未翻译en-us请求：请求失败, 错误码:05:49
未翻译en-us请求：订单更新完毕:547
未翻译en-us请求：请求成功:366
未翻译en-us请求：提交退款处理失败:16
未翻译en-us请求：当前订单状态支付成功和目标状态一致，不做更新:283
未翻译en-us请求：当前订单状态支付拒绝和目标状态一致，不做更新:151
未翻译en-us请求：请求成功，待3D支付，需主动查询或异步通知:198
未翻译en-us请求：交易已受理:198
未翻译en-us请求：使用模版：必须填写。未翻译内容：订单:186
未翻译en-us请求：使用模版：格式不正确。未翻译内容：订单:186
未翻译en-us请求：使用模版：必须填写。未翻译内容：机构标识:186
未翻译en-us请求：使用模版：格式不正确。未翻译内容：机构标识:186
未翻译en-us请求：使用模版：必须填写。未翻译内容：机构业务码:186
未翻译en-us请求：请求失败, 错误码:51:17
未翻译en-us请求：请求失败, 错误码:62:1
未翻译en-us请求：操作成功:6
未翻译en-us请求：请求失败, 错误码:41:1
未翻译en-us请求：请求失败, 错误码:57:3
未翻译en-us请求：当前订单状态：已取消不能更新，目标订单状态：支付拒绝:1
未翻译en-us请求：请求失败, 错误码:03:7
未翻译en-us请求：请求失败, 错误码:54:1
未翻译en-us请求：退款订单不存在:4
未翻译en-us请求：当前订单状态：支付成功不能更新，目标订单状态：支付拒绝:1
未翻译zh-tw请求：使用模版：必须填写。未翻译内容：商户号:3
未翻译zh-tw请求：使用模版：格式不正确。未翻译内容：商户号:6
未翻译zh-tw请求：使用模版：必须填写。未翻译内容：商户应用:3
未翻译zh-tw请求：使用模版：格式不正确。未翻译内容：商户应用:6
未翻译zh-tw请求：使用模版：必须填写。未翻译内容：签名:3
未翻译zh-tw请求：使用模版：数据不正确。未翻译内容：签名:6
未翻译zh-tw请求：使用模版：必须填写。未翻译内容：版本:3
未翻译zh-tw请求：使用模版：格式不正确。未翻译内容：版本:3
未翻译zh-tw请求：使用模版：必须填写。未翻译内容：订单号:3
未翻译zh-tw请求：使用模版：格式不正确。未翻译内容：订单号:6
未翻译zh-tw请求：使用模版：必须填写。未翻译内容：订单货币:3
未翻译zh-tw请求：使用模版：格式不正确。未翻译内容：订单货币:9
未翻译zh-tw请求：使用模版：必须填写。未翻译内容：订单金额:3
未翻译zh-tw请求：使用模版：格式不正确。未翻译内容：订单金额:6
未翻译zh-tw请求：使用模版：数据不正确。未翻译内容：订单金额:3
未翻译zh-tw请求：使用模版：必须填写。未翻译内容：卡号:3
未翻译zh-tw请求：使用模版：格式不正确。未翻译内容：卡号:3
未翻译zh-tw请求：使用模版：必须填写。未翻译内容：信用卡有效期(月):3
未翻译zh-tw请求：使用模版：格式不正确。未翻译内容：信用卡有效期(月):12
未翻译zh-tw请求：使用模版：必须填写。未翻译内容：信用卡有效期(年):3
未翻译zh-tw请求：使用模版：格式不正确。未翻译内容：信用卡有效期(年):9
未翻译zh-tw请求：使用模版：必须填写。未翻译内容：授权码:3
未翻译zh-tw请求：使用模版：格式不正确。未翻译内容：授权码:9
未翻译zh-tw请求：使用模版：必须填写。未翻译内容：客户端IP:3
未翻译zh-tw请求：使用模版：格式不正确。未翻译内容：客户端IP:3
未翻译zh-tw请求：使用模版：必须填写。未翻译内容：商户网站:3
未翻译zh-tw请求：使用模版：数据不正确。未翻译内容：商户网站:3
未翻译zh-tw请求：使用模版：必须填写。未翻译内容：同步通知地址:3
未翻译zh-tw请求：使用模版：数据不正确。未翻译内容：同步通知地址:3
未翻译zh-tw请求：使用模版：必须填写。未翻译内容：异步通知地址:3
未翻译zh-tw请求：使用模版：数据不正确。未翻译内容：异步通知地址:3
未翻译zh-tw请求：使用模版：必须填写。未翻译内容：账单名:3
未翻译zh-tw请求：使用模版：格式不正确。未翻译内容：账单名:3
未翻译zh-tw请求：使用模版：必须填写。未翻译内容：账单姓:3
未翻译zh-tw请求：使用模版：格式不正确。未翻译内容：账单姓:3
未翻译zh-tw请求：使用模版：必须填写。未翻译内容：账单电子邮件:3
未翻译zh-tw请求：使用模版：格式不正确。未翻译内容：账单电子邮件:3
未翻译zh-tw请求：使用模版：必须填写。未翻译内容：账单电话:3
未翻译zh-tw请求：使用模版：格式不正确。未翻译内容：账单电话:3
未翻译zh-tw请求：使用模版：必须填写。未翻译内容：账单国家代码:3
未翻译zh-tw请求：使用模版：格式不正确。未翻译内容：账单国家代码:3
未翻译zh-tw请求：使用模版：必须填写。未翻译内容：账单州:3
未翻译zh-tw请求：使用模版：格式不正确。未翻译内容：账单州:3
未翻译zh-tw请求：使用模版：必须填写。未翻译内容：账单市:3
未翻译zh-tw请求：使用模版：格式不正确。未翻译内容：账单市:3
未翻译zh-tw请求：使用模版：必须填写。未翻译内容：账单地址:3
未翻译zh-tw请求：使用模版：格式不正确。未翻译内容：账单地址:3
未翻译zh-tw请求：使用模版：必须填写。未翻译内容：账单邮编:3
未翻译zh-tw请求：使用模版：格式不正确。未翻译内容：账单邮编:3
未翻译zh-tw请求：使用模版：必须填写。未翻译内容：收货人名:3
未翻译zh-tw请求：使用模版：格式不正确。未翻译内容：收货人名:3
未翻译zh-tw请求：使用模版：必须填写。未翻译内容：收货人姓:3
未翻译zh-tw请求：使用模版：格式不正确。未翻译内容：收货人姓:3
未翻译zh-tw请求：使用模版：必须填写。未翻译内容：收货人电子邮件:3
未翻译zh-tw请求：使用模版：格式不正确。未翻译内容：收货人电子邮件:3
未翻译zh-tw请求：使用模版：必须填写。未翻译内容：收货人电话:3
未翻译zh-tw请求：使用模版：格式不正确。未翻译内容：收货人电话:3
未翻译zh-tw请求：使用模版：必须填写。未翻译内容：收货人国家代码:3
未翻译zh-tw请求：使用模版：格式不正确。未翻译内容：收货人国家代码:3
未翻译zh-tw请求：使用模版：必须填写。未翻译内容：收货人州:3
未翻译zh-tw请求：使用模版：格式不正确。未翻译内容：收货人州:3
未翻译zh-tw请求：使用模版：必须填写。未翻译内容：收货人市:3
未翻译zh-tw请求：使用模版：格式不正确。未翻译内容：收货人市:3
未翻译zh-tw请求：使用模版：必须填写。未翻译内容：收货人地址:3
未翻译zh-tw请求：使用模版：格式不正确。未翻译内容：收货人地址:3
未翻译zh-tw请求：使用模版：必须填写。未翻译内容：收货人邮编:3
未翻译zh-tw请求：使用模版：格式不正确。未翻译内容：收货人邮编:3
未翻译zh-tw请求：使用模版：必须填写。未翻译内容：商品信息:3
未翻译zh-tw请求：使用模版：格式不正确。未翻译内容：商品信息:3
未翻译zh-tw请求：使用模版：必须填写。未翻译内容：网关订单号:3
未翻译zh-tw请求：使用模版：格式不正确。未翻译内容：网关订单号:6
未翻译zh-tw请求：使用模版：必须填写。未翻译内容：退款订单号:3
未翻译zh-tw请求：使用模版：必须填写。未翻译内容：退款金额:3
未翻译zh-tw请求：使用模版：格式不正确。未翻译内容：退款金额:6
未翻译zh-tw请求：使用模版：数据不正确。未翻译内容：退款金额:3
未翻译zh-tw请求：使用模版：必须填写。未翻译内容：退款流水号:3
未翻译zh-tw请求：使用模版：格式不正确。未翻译内容：退款流水号:3
未翻译zh-tw请求：使用模版：必须填写。未翻译内容：页码:3
未翻译zh-tw请求：使用模版：格式不正确。未翻译内容：页码:3
未翻译zh-tw请求：使用模版：必须填写。未翻译内容：开始时间:3
未翻译zh-tw请求：使用模版：数据不正确。未翻译内容：开始时间:3
未翻译zh-tw请求：使用模版：必须填写。未翻译内容：结束时间:3
未翻译zh-tw请求：使用模版：数据不正确。未翻译内容：结束时间:3
未翻译zh-tw请求：结束时间不能晚于开始时间:3
未翻译zh-tw请求：使用模版：必须填写。未翻译内容：订单状态:3
未翻译zh-tw请求：使用模版：数据不正确。未翻译内容：订单状态:3
未翻译zh-tw请求：使用模版：必须填写。未翻译内容：时间戳:3
未翻译zh-tw请求：使用模版：数据不正确。未翻译内容：时间戳:6
未翻译zh-tw请求：无效的时间戳:3
未翻译zh-tw请求：使用模版：必须填写。未翻译内容：物流公司:3
未翻译zh-tw请求：使用模版：格式不正确。未翻译内容：物流公司:3
未翻译zh-tw请求：使用模版：必须填写。未翻译内容：运单号:3
未翻译zh-tw请求：使用模版：格式不正确。未翻译内容：运单号:3
未翻译zh-tw请求：使用模版：必须填写。未翻译内容：支付页面密码:3
未翻译zh-tw请求：使用模版：格式不正确。未翻译内容：支付页面密码:3
未翻译en-us请求：请求失败, 错误码:01:1
未翻译en-us请求：长度区间不正确:1
未翻译en-us请求：使用模版：格式不正确。未翻译内容：上传状态:1
