Missouri
Texas
Kansas
Texas
Alabama
Texas
Texas
Kansas
Georgia
Ohio
Oklahoma
Texas
Texas
Texas
Texas
Florida
Oklahoma
Texas
Texas
Texas
Texas
Texas
Ohio
Iowa
Florida
Virginia
South Carolina
Texas
Texas
Missouri
Oklahoma
Nebraska
Florida
Indiana
Kentucky
Louisiana
Iowa
Texas
Texas
Texas
Oklahoma
Texas
Texas
Florida
Florida
Ohio
Texas
Florida
Texas
Texas
Oklahoma
Florida
Texas
Georgia
Pennsylvania
Alabama
Missouri
Kansas
Alabama
South Carolina
New York
Oklahoma
Texas
Oklahoma
Arizona
Missouri
Missouri
Oklahoma
California
Texas
Texas
California
Missouri
Missouri
Arizona
Wisconsin
Florida